2024-02-26 15:19:50,888 - root - INFO - Scan bin visibile
2024-02-26 16:11:29,253 - root - INFO - Storage/Credentials State Saved
2024-02-26 16:13:17,533 - root - INFO - Scan bin visibile
2024-02-26 16:14:41,502 - root - INFO - Scan bin visibile
2024-02-26 16:14:43,748 - root - INFO - Storage/Credentials State Saved
2024-02-26 16:15:17,340 - root - INFO - Scan bin visibile
2024-02-26 16:15:30,494 - root - INFO - Storage/Credentials State Saved
2024-02-26 16:15:45,595 - root - INFO - Scan bin visibile
2024-02-26 16:15:47,778 - root - INFO - Storage/Credentials State Saved
2024-02-26 17:23:13,470 - root - INFO - Scan bin visibile
2024-02-26 17:24:10,009 - root - INFO - Meta screenshots work
2024-02-26 17:25:22,951 - root - INFO - Meta screenshots work
2024-02-26 17:28:29,785 - root - INFO - Scan bin visibile
2024-02-26 17:29:01,642 - root - INFO - RTOps Screenshot saved
2024-02-26 17:29:01,881 - root - INFO - Storage/Credentials State Saved
2024-02-26 17:29:13,472 - root - INFO - Flooffy Authorization works
2024-02-26 17:29:13,612 - root - INFO - Flooffy screenshot taken
2024-02-26 17:29:13,803 - root - INFO - Trace complete
2024-02-26 17:29:13,903 - root - INFO - Flooffy test complete
2024-02-26 17:29:17,416 - root - INFO - Meta Credentials work
2024-02-26 18:13:15,687 - root - INFO - Scan bin visibile
2024-02-26 18:13:47,494 - root - INFO - RTOps Screenshot saved
2024-02-26 18:13:47,882 - root - INFO - Storage/Credentials State Saved
2024-02-26 18:13:54,492 - root - INFO - Flooffy Authorization works
2024-02-26 18:13:54,623 - root - INFO - Flooffy screenshot taken
2024-02-26 18:13:54,790 - root - INFO - Trace complete
2024-02-26 18:13:54,872 - root - INFO - Flooffy test complete
2024-02-26 18:13:58,345 - root - INFO - Meta Credentials work
2024-02-27 09:49:40,505 - root - INFO - Scan bin visibile
2024-02-27 09:50:15,401 - root - INFO - RTOps Screenshot saved
2024-02-27 09:50:15,620 - root - INFO - Storage/Credentials State Saved
2024-02-27 09:50:24,356 - root - INFO - Flooffy Authorization works
2024-02-27 09:50:24,495 - root - INFO - Flooffy screenshot taken
2024-02-27 09:50:24,669 - root - INFO - Trace complete
2024-02-27 09:50:24,772 - root - INFO - Flooffy test complete
2024-02-27 09:50:29,319 - root - INFO - Meta Credentials work
2024-02-27 09:51:14,385 - root - INFO - Scan bin visibile
2024-02-27 09:51:48,205 - root - INFO - RTOps Screenshot saved
2024-02-27 09:51:48,562 - root - INFO - Storage/Credentials State Saved
2024-02-27 09:51:55,370 - root - INFO - Flooffy Authorization works
2024-02-27 09:51:55,492 - root - INFO - Flooffy screenshot taken
2024-02-27 09:51:55,662 - root - INFO - Trace complete
2024-02-27 09:51:55,762 - root - INFO - Flooffy test complete
2024-02-27 09:52:00,405 - root - INFO - Meta Credentials work
2024-02-27 09:52:45,183 - root - INFO - Scan bin visibile
2024-02-27 09:53:19,923 - root - INFO - RTOps Screenshot saved
2024-02-27 09:53:20,244 - root - INFO - Storage/Credentials State Saved
2024-02-27 09:53:26,130 - root - INFO - Flooffy Authorization works
2024-02-27 09:53:26,261 - root - INFO - Flooffy screenshot taken
2024-02-27 09:53:26,424 - root - INFO - Trace complete
2024-02-27 09:53:26,504 - root - INFO - Flooffy test complete
2024-02-27 09:53:27,806 - root - INFO - Meta Credentials work
2024-02-27 10:16:28,510 - root - INFO - Scan bin visibile
2024-02-27 10:17:04,282 - root - INFO - RTOps Screenshot saved
2024-02-27 10:17:04,431 - root - INFO - Storage/Credentials State Saved
2024-02-27 10:17:10,392 - root - INFO - Flooffy Authorization works
2024-02-27 10:17:10,516 - root - INFO - Flooffy screenshot taken
2024-02-27 10:17:10,682 - root - INFO - Trace complete
2024-02-27 10:17:10,762 - root - INFO - Flooffy test complete
2024-02-27 10:17:15,244 - root - INFO - Meta Credentials work
2024-02-27 10:17:29,847 - root - INFO - Scan bin visibile
2024-02-27 10:17:44,760 - root - INFO - RTOps Screenshot saved
2024-02-27 10:17:44,914 - root - INFO - Storage/Credentials State Saved
2024-02-27 10:17:57,676 - root - INFO - Flooffy Authorization works
2024-02-27 10:17:57,813 - root - INFO - Flooffy screenshot taken
2024-02-27 10:17:58,006 - root - INFO - Trace complete
2024-02-27 10:17:58,073 - root - INFO - Flooffy test complete
2024-02-27 10:18:02,409 - root - INFO - Meta Credentials work
2024-02-27 10:19:02,774 - root - INFO - Scan bin visibile
2024-02-27 10:19:09,681 - root - INFO - RTOps Screenshot saved
2024-02-27 10:19:09,964 - root - INFO - Storage/Credentials State Saved
2024-02-27 10:19:15,690 - root - INFO - Flooffy Authorization works
2024-02-27 10:19:15,787 - root - INFO - Flooffy screenshot taken
2024-02-27 10:19:15,951 - root - INFO - Trace complete
2024-02-27 10:19:16,026 - root - INFO - Flooffy test complete
2024-02-27 10:19:19,358 - root - INFO - Meta Credentials work
2024-02-27 10:20:15,419 - root - INFO - Scan bin visibile
2024-02-27 10:20:23,415 - root - INFO - RTOps Screenshot saved
2024-02-27 10:20:23,702 - root - INFO - Storage/Credentials State Saved
2024-02-27 10:20:29,395 - root - INFO - Flooffy Authorization works
2024-02-27 10:20:29,527 - root - INFO - Flooffy screenshot taken
2024-02-27 10:20:29,691 - root - INFO - Trace complete
2024-02-27 10:20:29,769 - root - INFO - Flooffy test complete
2024-02-27 10:20:34,260 - root - INFO - Meta Credentials work
2024-02-27 10:26:58,581 - root - INFO - Starting point
2024-02-27 10:27:02,674 - root - INFO - Scan bin visibile
2024-02-27 10:27:12,679 - root - INFO - RTOps Screenshot saved
2024-02-27 10:27:12,824 - root - INFO - Storage/Credentials State Saved
2024-02-27 10:27:20,004 - root - INFO - Flooffy Authorization works
2024-02-27 10:27:20,125 - root - INFO - Flooffy screenshot taken
2024-02-27 10:27:20,293 - root - INFO - Trace complete
2024-02-27 10:27:20,378 - root - INFO - Flooffy test complete
2024-02-27 10:27:24,793 - root - INFO - Meta Credentials work
2024-02-27 16:49:04,513 - root - INFO - Starting point
2024-02-27 16:49:11,606 - root - INFO - Login successful - Scan bin visibile
2024-02-27 16:49:20,052 - root - INFO - RTOps Screenshot saved
2024-02-27 16:49:21,295 - root - INFO - Storage/Credentials State Saved
2024-02-27 16:49:29,602 - root - INFO - Flooffy Authorization works
2024-02-27 16:49:29,708 - root - INFO - Flooffy screenshot taken
2024-02-27 16:49:29,877 - root - INFO - Trace complete
2024-02-27 16:49:29,903 - root - INFO - Flooffy test complete
2024-02-27 16:49:34,126 - root - INFO - Meta Credentials work
2024-02-27 23:18:02,120 - root - INFO - Starting point
2024-02-27 23:18:09,126 - root - INFO - Flooffy Authorization works
2024-02-27 23:18:09,241 - root - INFO - Flooffy screenshot taken
2024-02-27 23:18:09,404 - root - INFO - Trace complete
2024-02-27 23:18:55,756 - root - INFO - Starting point
2024-02-27 23:19:02,137 - root - INFO - Flooffy Authorization works
2024-02-27 23:19:02,217 - root - INFO - Flooffy screenshot taken
2024-02-27 23:19:02,387 - root - INFO - Trace complete
2024-02-27 23:19:18,584 - root - INFO - Starting point
2024-02-27 23:19:24,762 - root - INFO - Starting point
2024-02-27 23:19:30,348 - root - INFO - Flooffy Authorization works
2024-02-27 23:19:30,452 - root - INFO - Flooffy screenshot taken
2024-02-27 23:19:30,615 - root - INFO - Trace complete
2024-02-27 23:20:34,639 - root - INFO - Starting point
2024-02-27 23:20:40,840 - root - INFO - Flooffy Authorization works
2024-02-27 23:20:40,916 - root - INFO - Flooffy screenshot taken
2024-02-27 23:20:41,091 - root - INFO - Trace complete
2024-02-27 23:20:48,005 - root - INFO - Starting point
2024-02-27 23:20:53,752 - root - INFO - Flooffy Authorization works
2024-02-27 23:20:53,870 - root - INFO - Flooffy screenshot taken
2024-02-27 23:20:54,034 - root - INFO - Trace complete
2024-02-27 23:23:19,488 - root - INFO - Starting point
2024-02-27 23:23:25,943 - root - INFO - Flooffy Authorization works
2024-02-27 23:23:26,055 - root - INFO - Flooffy screenshot taken
2024-02-27 23:23:26,240 - root - INFO - Trace complete
2024-02-27 23:44:16,577 - root - INFO - Starting point
2024-02-27 23:44:23,253 - root - INFO - Flooffy Authorization works
2024-02-27 23:44:23,360 - root - INFO - Flooffy screenshot taken
2024-02-27 23:44:23,530 - root - INFO - Trace complete
2024-02-27 23:48:27,617 - root - INFO - Starting point
2024-02-27 23:48:33,970 - root - INFO - Flooffy Authorization works
2024-02-27 23:48:34,083 - root - INFO - Flooffy screenshot taken
2024-02-27 23:48:34,250 - root - INFO - Trace complete
2024-02-27 23:51:02,936 - root - INFO - Starting point
2024-02-27 23:51:10,421 - root - INFO - Flooffy Authorization works
2024-02-27 23:51:10,533 - root - INFO - Flooffy screenshot taken
2024-02-27 23:51:10,700 - root - INFO - Trace complete
2024-02-27 23:51:28,936 - root - INFO - Starting point
2024-02-27 23:51:34,525 - root - INFO - Flooffy Authorization works
2024-02-27 23:51:34,632 - root - INFO - Flooffy screenshot taken
2024-02-27 23:51:34,793 - root - INFO - Trace complete
2024-02-27 23:52:06,770 - root - INFO - Starting point
2024-02-27 23:52:13,880 - root - INFO - Flooffy Authorization works
2024-02-27 23:52:13,983 - root - INFO - Flooffy screenshot taken
2024-02-27 23:52:14,146 - root - INFO - Trace complete
